<?xml version="1.0" encoding="UTF-8"?>
<!-- Generated by org.testng.reporters.JUnitXMLReporter -->
<testsuite hostname="OSIT-L-0463" name="Test" tests="4" failures="1" timestamp="26 Feb 2017 14:56:35 GMT" time="0.32" errors="0">
  <testcase name="testOne" time="0.155" classname="packageOne.ClassOne"/>
  <testcase name="testTwo" time="0.002" classname="packageOne.ClassTwo">
    <skipped/>
  </testcase> <!-- testTwo -->
  <testcase name="testThree" time="0.002" classname="packageOne.ClassThree">
    <failure type="java.lang.ArithmeticException" message="/ by zero">
      <![CDATA[java.lang.ArithmeticException: / by zero
	at packageOne.ClassThree.testThree(Unknown Source)
... Removed 24 stack frames]]>
    </failure>
  </testcase> <!-- testThree -->
  <testcase name="testFour" time="0.009" classname="packageOne.ClassFour"/>
</testsuite> <!-- Test -->
